<?xml version="1.0" encoding="UTF-8"?>
<!-- Generated by org.testng.reporters.JUnitXMLReporter -->
<testsuite ignored="0" hostname="DESKTOP-D9L1E3E" failures="0" tests="4" name="Default test" time="7.353" errors="0" timestamp="2022-01-27T23:27:05 EST">
  <testcase classname="facebookTestPackage.LogInTest" name="logInTest" time="0.074"/>
  <testcase classname="facebookTestPackage.LogInTest" name="logInTest" time="0.06"/>
  <testcase classname="facebookTestPackage.LogInTest" name="logInTest" time="0.056"/>
  <testcase classname="facebookTestPackage.LogInTest" name="logInTest2" time="0.128"/>
</testsuite> <!-- Default test -->
