<?xml version="1.0" encoding="UTF-8"?>
<testng-results ignored="0" total="4" passed="4" failed="0" skipped="0">
  <reporter-output>
  </reporter-output>
  <suite started-at="2022-01-27T23:26:57 EST" name="Default suite" finished-at="2022-01-27T23:27:05 EST" duration-ms="7353">
    <groups>
    </groups>
    <test started-at="2022-01-27T23:26:57 EST" name="Default test" finished-at="2022-01-27T23:27:05 EST" duration-ms="7353">
      <class name="facebookTestPackage.LogInTest">
        <test-method is-config="true" signature="setUp()[pri:0, instance:facebookTestPackage.LogInTest@55536d9e]" started-at="2022-01-27T23:26:57 EST" name="setUp" finished-at="2022-01-27T23:26:59 EST" duration-ms="1942" status="PASS">
          <reporter-output>
          </reporter-output>
        </test-method> <!-- setUp -->
        <test-method signature="logInTest()[pri:0, instance:facebookTestPackage.LogInTest@55536d9e]" started-at="2022-01-27T23:26:59 EST" name="logInTest" finished-at="2022-01-27T23:26:59 EST" duration-ms="74" status="PASS">
          <reporter-output>
          </reporter-output>
        </test-method> <!-- logInTest -->
        <test-method is-config="true" signature="tearUp()[pri:0, instance:facebookTestPackage.LogInTest@55536d9e]" started-at="2022-01-27T23:26:59 EST" name="tearUp" finished-at="2022-01-27T23:26:59 EST" duration-ms="180" status="PASS">
          <reporter-output>
          </reporter-output>
        </test-method> <!-- tearUp -->
        <test-method is-config="true" signature="setUp()[pri:0, instance:facebookTestPackage.LogInTest@55536d9e]" started-at="2022-01-27T23:26:59 EST" name="setUp" finished-at="2022-01-27T23:27:01 EST" duration-ms="1482" status="PASS">
          <reporter-output>
          </reporter-output>
        </test-method> <!-- setUp -->
        <test-method signature="logInTest()[pri:0, instance:facebookTestPackage.LogInTest@55536d9e]" started-at="2022-01-27T23:27:01 EST" name="logInTest" finished-at="2022-01-27T23:27:01 EST" duration-ms="60" status="PASS">
          <reporter-output>
          </reporter-output>
        </test-method> <!-- logInTest -->
        <test-method is-config="true" signature="tearUp()[pri:0, instance:facebookTestPackage.LogInTest@55536d9e]" started-at="2022-01-27T23:27:01 EST" name="tearUp" finished-at="2022-01-27T23:27:01 EST" duration-ms="154" status="PASS">
          <reporter-output>
          </reporter-output>
        </test-method> <!-- tearUp -->
        <test-method is-config="true" signature="setUp()[pri:0, instance:facebookTestPackage.LogInTest@55536d9e]" started-at="2022-01-27T23:27:01 EST" name="setUp" finished-at="2022-01-27T23:27:03 EST" duration-ms="1468" status="PASS">
          <reporter-output>
          </reporter-output>
        </test-method> <!-- setUp -->
        <test-method signature="logInTest()[pri:0, instance:facebookTestPackage.LogInTest@55536d9e]" started-at="2022-01-27T23:27:03 EST" name="logInTest" finished-at="2022-01-27T23:27:03 EST" duration-ms="56" status="PASS">
          <reporter-output>
          </reporter-output>
        </test-method> <!-- logInTest -->
        <test-method is-config="true" signature="tearUp()[pri:0, instance:facebookTestPackage.LogInTest@55536d9e]" started-at="2022-01-27T23:27:03 EST" name="tearUp" finished-at="2022-01-27T23:27:03 EST" duration-ms="167" status="PASS">
          <reporter-output>
          </reporter-output>
        </test-method> <!-- tearUp -->
        <test-method is-config="true" signature="setUp()[pri:0, instance:facebookTestPackage.LogInTest@55536d9e]" started-at="2022-01-27T23:27:03 EST" name="setUp" finished-at="2022-01-27T23:27:04 EST" duration-ms="1411" status="PASS">
          <reporter-output>
          </reporter-output>
        </test-method> <!-- setUp -->
        <test-method signature="logInTest2()[pri:0, instance:facebookTestPackage.LogInTest@55536d9e]" started-at="2022-01-27T23:27:04 EST" name="logInTest2" finished-at="2022-01-27T23:27:04 EST" duration-ms="128" status="PASS">
          <reporter-output>
          </reporter-output>
        </test-method> <!-- logInTest2 -->
        <test-method is-config="true" signature="tearUp()[pri:0, instance:facebookTestPackage.LogInTest@55536d9e]" started-at="2022-01-27T23:27:04 EST" name="tearUp" finished-at="2022-01-27T23:27:05 EST" duration-ms="190" status="PASS">
          <reporter-output>
          </reporter-output>
        </test-method> <!-- tearUp -->
      </class> <!-- facebookTestPackage.LogInTest -->
    </test> <!-- Default test -->
  </suite> <!-- Default suite -->
</testng-results>
